[2021-12-10 18:10:56.208] [renderer1] [error] [Extension Host] (node:16228) [DEP0005] DeprecationWarning: Buffer() is deprecated due to security and usability issues. Please use the Buffer.alloc(), Buffer.allocUnsafe(), or Buffer.from() methods instead.
(Use `Code --trace-deprecation ...` to show where the warning was created)
[2021-12-10 18:10:58.725] [renderer1] [error] Bad progress location: platformio-ide.projectTasks: Error: Bad progress location: platformio-ide.projectTasks
    at r.withProgress (vscode-file://vscode-app/c:/Users/racarla1/Documents/Git/VSCode_Portable/Installation/VSCode-win32-x64-1.63.0/resources/app/out/vs/workbench/workbench.desktop.main.js:1720:31725)
    at b.$startProgress (vscode-file://vscode-app/c:/Users/racarla1/Documents/Git/VSCode_Portable/Installation/VSCode-win32-x64-1.63.0/resources/app/out/vs/workbench/workbench.desktop.main.js:1499:29066)
    at u._doInvokeHandler (vscode-file://vscode-app/c:/Users/racarla1/Documents/Git/VSCode_Portable/Installation/VSCode-win32-x64-1.63.0/resources/app/out/vs/workbench/workbench.desktop.main.js:1506:13116)
    at u._invokeHandler (vscode-file://vscode-app/c:/Users/racarla1/Documents/Git/VSCode_Portable/Installation/VSCode-win32-x64-1.63.0/resources/app/out/vs/workbench/workbench.desktop.main.js:1506:12800)
    at u._receiveRequest (vscode-file://vscode-app/c:/Users/racarla1/Documents/Git/VSCode_Portable/Installation/VSCode-win32-x64-1.63.0/resources/app/out/vs/workbench/workbench.desktop.main.js:1506:11462)
    at u._receiveOneMessage (vscode-file://vscode-app/c:/Users/racarla1/Documents/Git/VSCode_Portable/Installation/VSCode-win32-x64-1.63.0/resources/app/out/vs/workbench/workbench.desktop.main.js:1506:10140)
    at vscode-file://vscode-app/c:/Users/racarla1/Documents/Git/VSCode_Portable/Installation/VSCode-win32-x64-1.63.0/resources/app/out/vs/workbench/workbench.desktop.main.js:1506:8236
    at a.fire (vscode-file://vscode-app/c:/Users/racarla1/Documents/Git/VSCode_Portable/Installation/VSCode-win32-x64-1.63.0/resources/app/out/vs/workbench/workbench.desktop.main.js:69:1712)
    at o.fire (vscode-file://vscode-app/c:/Users/racarla1/Documents/Git/VSCode_Portable/Installation/VSCode-win32-x64-1.63.0/resources/app/out/vs/workbench/workbench.desktop.main.js:85:19631)
    at d._receiveMessage (vscode-file://vscode-app/c:/Users/racarla1/Documents/Git/VSCode_Portable/Installation/VSCode-win32-x64-1.63.0/resources/app/out/vs/workbench/workbench.desktop.main.js:85:24212)
    at vscode-file://vscode-app/c:/Users/racarla1/Documents/Git/VSCode_Portable/Installation/VSCode-win32-x64-1.63.0/resources/app/out/vs/workbench/workbench.desktop.main.js:85:21746
    at a.fire (vscode-file://vscode-app/c:/Users/racarla1/Documents/Git/VSCode_Portable/Installation/VSCode-win32-x64-1.63.0/resources/app/out/vs/workbench/workbench.desktop.main.js:69:1712)
    at s.acceptChunk (vscode-file://vscode-app/c:/Users/racarla1/Documents/Git/VSCode_Portable/Installation/VSCode-win32-x64-1.63.0/resources/app/out/vs/workbench/workbench.desktop.main.js:85:16459)
    at vscode-file://vscode-app/c:/Users/racarla1/Documents/Git/VSCode_Portable/Installation/VSCode-win32-x64-1.63.0/resources/app/out/vs/workbench/workbench.desktop.main.js:85:15589
    at Socket.O (vscode-file://vscode-app/c:/Users/racarla1/Documents/Git/VSCode_Portable/Installation/VSCode-win32-x64-1.63.0/resources/app/out/vs/workbench/workbench.desktop.main.js:2984:8477)
    at Socket.emit (events.js:315:20)
    at addChunk (internal/streams/readable.js:309:12)
    at readableAddChunk (internal/streams/readable.js:284:9)
    at Socket.Readable.push (internal/streams/readable.js:223:10)
    at Pipe.onStreamRead (internal/stream_base_commons.js:188:23)
[2021-12-10 18:20:06.053] [renderer1] [error] Bad progress location: platformio-ide.projectTasks: Error: Bad progress location: platformio-ide.projectTasks
    at r.withProgress (vscode-file://vscode-app/c:/Users/racarla1/Documents/Git/VSCode_Portable/Installation/VSCode-win32-x64-1.63.0/resources/app/out/vs/workbench/workbench.desktop.main.js:1720:31725)
    at b.$startProgress (vscode-file://vscode-app/c:/Users/racarla1/Documents/Git/VSCode_Portable/Installation/VSCode-win32-x64-1.63.0/resources/app/out/vs/workbench/workbench.desktop.main.js:1499:29066)
    at u._doInvokeHandler (vscode-file://vscode-app/c:/Users/racarla1/Documents/Git/VSCode_Portable/Installation/VSCode-win32-x64-1.63.0/resources/app/out/vs/workbench/workbench.desktop.main.js:1506:13116)
    at u._invokeHandler (vscode-file://vscode-app/c:/Users/racarla1/Documents/Git/VSCode_Portable/Installation/VSCode-win32-x64-1.63.0/resources/app/out/vs/workbench/workbench.desktop.main.js:1506:12800)
    at u._receiveRequest (vscode-file://vscode-app/c:/Users/racarla1/Documents/Git/VSCode_Portable/Installation/VSCode-win32-x64-1.63.0/resources/app/out/vs/workbench/workbench.desktop.main.js:1506:11462)
    at u._receiveOneMessage (vscode-file://vscode-app/c:/Users/racarla1/Documents/Git/VSCode_Portable/Installation/VSCode-win32-x64-1.63.0/resources/app/out/vs/workbench/workbench.desktop.main.js:1506:10140)
    at vscode-file://vscode-app/c:/Users/racarla1/Documents/Git/VSCode_Portable/Installation/VSCode-win32-x64-1.63.0/resources/app/out/vs/workbench/workbench.desktop.main.js:1506:8236
    at a.fire (vscode-file://vscode-app/c:/Users/racarla1/Documents/Git/VSCode_Portable/Installation/VSCode-win32-x64-1.63.0/resources/app/out/vs/workbench/workbench.desktop.main.js:69:1712)
    at o.fire (vscode-file://vscode-app/c:/Users/racarla1/Documents/Git/VSCode_Portable/Installation/VSCode-win32-x64-1.63.0/resources/app/out/vs/workbench/workbench.desktop.main.js:85:19631)
    at d._receiveMessage (vscode-file://vscode-app/c:/Users/racarla1/Documents/Git/VSCode_Portable/Installation/VSCode-win32-x64-1.63.0/resources/app/out/vs/workbench/workbench.desktop.main.js:85:24212)
    at vscode-file://vscode-app/c:/Users/racarla1/Documents/Git/VSCode_Portable/Installation/VSCode-win32-x64-1.63.0/resources/app/out/vs/workbench/workbench.desktop.main.js:85:21746
    at a.fire (vscode-file://vscode-app/c:/Users/racarla1/Documents/Git/VSCode_Portable/Installation/VSCode-win32-x64-1.63.0/resources/app/out/vs/workbench/workbench.desktop.main.js:69:1712)
    at s.acceptChunk (vscode-file://vscode-app/c:/Users/racarla1/Documents/Git/VSCode_Portable/Installation/VSCode-win32-x64-1.63.0/resources/app/out/vs/workbench/workbench.desktop.main.js:85:16459)
    at vscode-file://vscode-app/c:/Users/racarla1/Documents/Git/VSCode_Portable/Installation/VSCode-win32-x64-1.63.0/resources/app/out/vs/workbench/workbench.desktop.main.js:85:15589
    at Socket.O (vscode-file://vscode-app/c:/Users/racarla1/Documents/Git/VSCode_Portable/Installation/VSCode-win32-x64-1.63.0/resources/app/out/vs/workbench/workbench.desktop.main.js:2984:8477)
    at Socket.emit (events.js:315:20)
    at addChunk (internal/streams/readable.js:309:12)
    at readableAddChunk (internal/streams/readable.js:284:9)
    at Socket.Readable.push (internal/streams/readable.js:223:10)
    at Pipe.onStreamRead (internal/stream_base_commons.js:188:23)
[2021-12-10 18:20:06.348] [renderer1] [error] [Extension Host] Could not fetch project targets for 'esp32dev' environment => Error: Traceback (most recent call last):
  File "C:\Users\racarla1\.platformio\penv\lib\site-packages\platformio\project\config.py", line 104, in read
    self._parser.read(path, "utf-8")
  File "C:\Users\racarla1\.platformio\python3\lib\configparser.py", line 697, in read
    self._read(fp, filename)
  File "C:\Users\racarla1\.platformio\python3\lib\configparser.py", line 1085, in _read
    raise MissingSectionHeaderError(fpname, lineno, line)
configparser.MissingSectionHeaderError: File contains no section headers.
file: 'c:\\Users\\racarla1\\Documents\\Git\\VSCode_Portable\\Projects\\ESP32_FreeRTOS_Robot\\platformio.ini', line: 11
'monitor_speed = 115200\n'

During handling of the above exception, another exception occurred:

Traceback (most recent call last):
  File "<string>", line 1, in <module>
  File "C:\Users\racarla1\.platformio\penv\lib\site-packages\platformio\project\helpers.py", line 124, in load_project_ide_data
    result.update(_load_project_ide_data(project_dir, missed_env_names))
  File "C:\Users\racarla1\.platformio\penv\lib\site-packages\platformio\project\helpers.py", line 142, in _load_project_ide_data
    raise result.exception
  File "C:\Users\racarla1\.platformio\penv\lib\site-packages\click\testing.py", line 408, in invoke
    return_value = cli.main(args=args or (), prog_name=prog_name, **extra)
  File "C:\Users\racarla1\.platformio\penv\lib\site-packages\click\core.py", line 1053, in main
    rv = self.invoke(ctx)
  File "C:\Users\racarla1\.platformio\penv\lib\site-packages\click\core.py", line 1395, in invoke
    return ctx.invoke(self.callback, **ctx.params)
  File "C:\Users\racarla1\.platformio\penv\lib\site-packages\click\core.py", line 754, in invoke
    return __callback(*args, **kwargs)
  File "C:\Users\racarla1\.platformio\penv\lib\site-packages\click\decorators.py", line 26, in new_func
    return f(get_current_context(), *args, **kwargs)
  File "C:\Users\racarla1\.platformio\penv\lib\site-packages\platformio\commands\run\command.py", line 96, in cli
    config = ProjectConfig.get_instance(project_conf)
  File "C:\Users\racarla1\.platformio\penv\lib\site-packages\platformio\project\config.py", line 384, in get_instance
    instance = {"mtime": mtime, "config": ProjectConfig(path)}
  File "C:\Users\racarla1\.platformio\penv\lib\site-packages\platformio\project\config.py", line 92, in __init__
    self.read(path, parse_extra)
  File "C:\Users\racarla1\.platformio\penv\lib\site-packages\platformio\project\config.py", line 106, in read
    raise exception.InvalidProjectConfError(path, str(e))
platformio.project.exception.InvalidProjectConfError: Invalid 'c:\Users\racarla1\Documents\Git\VSCode_Portable\Projects\ESP32_FreeRTOS_Robot\platformio.ini' (project configuration file): 'File contains no section headers.
file: 'c:\\Users\\racarla1\\Documents\\Git\\VSCode_Portable\\Projects\\ESP32_FreeRTOS_Robot\\platformio.ini', line: 11
'monitor_speed = 115200\n''

[2021-12-10 18:20:21.134] [renderer1] [error] Bad progress location: platformio-ide.projectTasks: Error: Bad progress location: platformio-ide.projectTasks
    at r.withProgress (vscode-file://vscode-app/c:/Users/racarla1/Documents/Git/VSCode_Portable/Installation/VSCode-win32-x64-1.63.0/resources/app/out/vs/workbench/workbench.desktop.main.js:1720:31725)
    at b.$startProgress (vscode-file://vscode-app/c:/Users/racarla1/Documents/Git/VSCode_Portable/Installation/VSCode-win32-x64-1.63.0/resources/app/out/vs/workbench/workbench.desktop.main.js:1499:29066)
    at u._doInvokeHandler (vscode-file://vscode-app/c:/Users/racarla1/Documents/Git/VSCode_Portable/Installation/VSCode-win32-x64-1.63.0/resources/app/out/vs/workbench/workbench.desktop.main.js:1506:13116)
    at u._invokeHandler (vscode-file://vscode-app/c:/Users/racarla1/Documents/Git/VSCode_Portable/Installation/VSCode-win32-x64-1.63.0/resources/app/out/vs/workbench/workbench.desktop.main.js:1506:12800)
    at u._receiveRequest (vscode-file://vscode-app/c:/Users/racarla1/Documents/Git/VSCode_Portable/Installation/VSCode-win32-x64-1.63.0/resources/app/out/vs/workbench/workbench.desktop.main.js:1506:11462)
    at u._receiveOneMessage (vscode-file://vscode-app/c:/Users/racarla1/Documents/Git/VSCode_Portable/Installation/VSCode-win32-x64-1.63.0/resources/app/out/vs/workbench/workbench.desktop.main.js:1506:10140)
    at vscode-file://vscode-app/c:/Users/racarla1/Documents/Git/VSCode_Portable/Installation/VSCode-win32-x64-1.63.0/resources/app/out/vs/workbench/workbench.desktop.main.js:1506:8236
    at a.fire (vscode-file://vscode-app/c:/Users/racarla1/Documents/Git/VSCode_Portable/Installation/VSCode-win32-x64-1.63.0/resources/app/out/vs/workbench/workbench.desktop.main.js:69:1712)
    at o.fire (vscode-file://vscode-app/c:/Users/racarla1/Documents/Git/VSCode_Portable/Installation/VSCode-win32-x64-1.63.0/resources/app/out/vs/workbench/workbench.desktop.main.js:85:19631)
    at d._receiveMessage (vscode-file://vscode-app/c:/Users/racarla1/Documents/Git/VSCode_Portable/Installation/VSCode-win32-x64-1.63.0/resources/app/out/vs/workbench/workbench.desktop.main.js:85:24212)
    at vscode-file://vscode-app/c:/Users/racarla1/Documents/Git/VSCode_Portable/Installation/VSCode-win32-x64-1.63.0/resources/app/out/vs/workbench/workbench.desktop.main.js:85:21746
    at a.fire (vscode-file://vscode-app/c:/Users/racarla1/Documents/Git/VSCode_Portable/Installation/VSCode-win32-x64-1.63.0/resources/app/out/vs/workbench/workbench.desktop.main.js:69:1712)
    at s.acceptChunk (vscode-file://vscode-app/c:/Users/racarla1/Documents/Git/VSCode_Portable/Installation/VSCode-win32-x64-1.63.0/resources/app/out/vs/workbench/workbench.desktop.main.js:85:16459)
    at vscode-file://vscode-app/c:/Users/racarla1/Documents/Git/VSCode_Portable/Installation/VSCode-win32-x64-1.63.0/resources/app/out/vs/workbench/workbench.desktop.main.js:85:15589
    at Socket.O (vscode-file://vscode-app/c:/Users/racarla1/Documents/Git/VSCode_Portable/Installation/VSCode-win32-x64-1.63.0/resources/app/out/vs/workbench/workbench.desktop.main.js:2984:8477)
    at Socket.emit (events.js:315:20)
    at addChunk (internal/streams/readable.js:309:12)
    at readableAddChunk (internal/streams/readable.js:284:9)
    at Socket.Readable.push (internal/streams/readable.js:223:10)
    at Pipe.onStreamRead (internal/stream_base_commons.js:188:23)
